@0.000000: Output file name: C:\Projects\HeavyGearResources\Models\Export\hunter.X
@0.000022: kW X-port: 3ds max compatible version 9.00
@21.741928: Saving node: Bip01
@21.741958: Saving node: Bip01_Pelvis
@21.741977: Saving node: Bip01_Spine
@21.741993: Saving node: Bip01_L_Thigh
@21.742007: Saving node: Bip01_L_Calf
@21.742019: Saving node: Bip01_L_Foot
@21.742033: Saving node: Bip01_L_Toe0
@21.742049: Saving node: Bip01_L_Toe0Nub
@21.742062: Saving node: Bip01_R_Thigh
@21.742075: Saving node: Bip01_R_Calf
@21.742087: Saving node: Bip01_R_Foot
@21.742099: Saving node: Bip01_R_Toe0
@21.742112: Saving node: Bip01_R_Toe0Nub
@21.742126: Saving node: Bip01_Neck
@21.742138: Saving node: Bip01_Head
@21.742152: Saving node: Bip01_HeadNub
@21.742165: Saving node: Bip01_R_Clavicle
@21.742177: Saving node: Bip01_R_UpperArm
@21.742190: Saving node: Bip01_R_Forearm
@21.742203: Saving node: Bip01_R_Hand
@21.742215: Saving node: Bip01_R_Finger0
@21.742228: Saving node: Bip01_R_Finger01
@21.742243: Saving node: Bip01_R_Finger0Nub
@21.742256: Saving node: Bip01_R_Finger1
@21.742269: Saving node: Bip01_R_Finger11
@21.742284: Saving node: Bip01_R_Finger1Nub
@21.742297: Saving node: Bip01_R_Finger2
@21.742310: Saving node: Bip01_R_Finger21
@21.742326: Saving node: Bip01_R_Finger2Nub
@21.742340: Saving node: Bip01_R_Finger3
@21.742354: Saving node: Bip01_R_Finger31
@21.742368: Saving node: Bip01_R_Finger3Nub
@21.742382: Saving node: Bip01_R_Finger4
@21.742395: Saving node: Bip01_R_Finger41
@21.742410: Saving node: Bip01_R_Finger4Nub
@21.742444: Saving node: Rifle_Bone
@21.742471: Saving node: Bone05
@21.742500: Saving node: R_Shoulder
@21.742529: Saving node: R_Shoulder_Nub
@21.742543: Saving node: Bip01_L_Clavicle
@21.742557: Saving node: Bip01_L_UpperArm
@21.742570: Saving node: Bip01_L_Forearm
@21.742585: Saving node: Bip01_L_Hand
@21.742598: Saving node: Bip01_L_Finger0
@21.742611: Saving node: Bip01_L_Finger01
@21.742627: Saving node: Bip01_L_Finger0Nub
@21.742641: Saving node: Bip01_L_Finger1
@21.742655: Saving node: Bip01_L_Finger11
@21.742670: Saving node: Bip01_L_Finger1Nub
@21.742684: Saving node: Bip01_L_Finger2
@21.742699: Saving node: Bip01_L_Finger21
@21.742714: Saving node: Bip01_L_Finger2Nub
@21.742729: Saving node: Bip01_L_Finger3
@21.742743: Saving node: Bip01_L_Finger31
@21.742758: Saving node: Bip01_L_Finger3Nub
@21.742773: Saving node: Bip01_L_Finger4
@21.742786: Saving node: Bip01_L_Finger41
@21.742802: Saving node: Bip01_L_Finger4Nub
@21.742831: Saving node: L_Shoulder
@21.742861: Saving node: L_Shoulder_Nub
@21.746173: Saving node: GunBody
@21.746599: Limiting exported UV coordinates to 1 because of available maps.
@21.750560: 497 skinned vertices in GunBody
@21.802909: Saving node: HunterMesh
@21.810687: Limiting exported UV coordinates to 1 because of available maps.
@21.971648: 2784 skinned vertices in HunterMesh
@21.979744: Saving node: Omni01
@21.979797: Saving node: Omni02
